Internal ctest changing into directory: D:/projects/misis2023f-23-check/misis2024s-23-04-popadina-v-a/build.check
Test project D:/projects/misis2023f-23-check/misis2024s-23-04-popadina-v-a/build.check
      Start  1: doctest_bitset
Could not find executable D:/projects/misis2023f-23-check/misis2024s-23-04-popadina-v-a/bin.check/doctest_bitset.exe
Looked in the following places:
D:/projects/misis2023f-23-check/misis2024s-23-04-popadina-v-a/bin.check/doctest_bitset.exe
D:/projects/misis2023f-23-check/misis2024s-23-04-popadina-v-a/bin.check/doctest_bitset.exe.exe
D:/projects/misis2023f-23-check/misis2024s-23-04-popadina-v-a/bin.check/Release/doctest_bitset.exe
D:/projects/misis2023f-23-check/misis2024s-23-04-popadina-v-a/bin.check/Release/doctest_bitset.exe.exe
Release/D:/projects/misis2023f-23-check/misis2024s-23-04-popadina-v-a/bin.check/doctest_bitset.exe
Release/D:/projects/misis2023f-23-check/misis2024s-23-04-popadina-v-a/bin.check/doctest_bitset.exe.exe
 1/20 Test  #1: doctest_bitset ...................***Not Run   0.00 sec
      Start  2: doctest_bitset_m
      Start  3: doctest_complex
      Start  4: doctest_complex_io
      Start  5: doctest_complex_m
      Start  6: doctest_rational
      Start  7: doctest_rational_io
      Start  8: doctest_rational_m
      Start  9: doctest_dynarr
      Start 10: doctest_dynarr_m
      Start 11: doctest_queuearr
      Start 12: doctest_queuearr_m
      Start 13: doctest_queuelst
      Start 14: doctest_queuelst_m
      Start 15: doctest_queuelstpr
      Start 16: doctest_queuelstpr_m
 2/20 Test #11: doctest_queuearr .................***Exception: SegFault  0.02 sec
      Start 17: doctest_stackarr
 3/20 Test  #2: doctest_bitset_m .................   Passed    0.04 sec
      Start 18: doctest_stackarr_m
 4/20 Test  #3: doctest_complex ..................   Passed    0.04 sec
      Start 19: doctest_stacklst
Could not find executable D:/projects/misis2023f-23-check/misis2024s-23-04-popadina-v-a/bin.check/doctest_stacklst.exe
Looked in the following places:
D:/projects/misis2023f-23-check/misis2024s-23-04-popadina-v-a/bin.check/doctest_stacklst.exe
D:/projects/misis2023f-23-check/misis2024s-23-04-popadina-v-a/bin.check/doctest_stacklst.exe.exe
D:/projects/misis2023f-23-check/misis2024s-23-04-popadina-v-a/bin.check/Release/doctest_stacklst.exe
D:/projects/misis2023f-23-check/misis2024s-23-04-popadina-v-a/bin.check/Release/doctest_stacklst.exe.exe
Release/D:/projects/misis2023f-23-check/misis2024s-23-04-popadina-v-a/bin.check/doctest_stacklst.exe
Release/D:/projects/misis2023f-23-check/misis2024s-23-04-popadina-v-a/bin.check/doctest_stacklst.exe.exe
 5/20 Test #19: doctest_stacklst .................***Not Run   0.00 sec
      Start 20: doctest_stacklst_m
Could not find executable D:/projects/misis2023f-23-check/misis2024s-23-04-popadina-v-a/bin.check/doctest_stacklst_m.exe
Looked in the following places:
D:/projects/misis2023f-23-check/misis2024s-23-04-popadina-v-a/bin.check/doctest_stacklst_m.exe
D:/projects/misis2023f-23-check/misis2024s-23-04-popadina-v-a/bin.check/doctest_stacklst_m.exe.exe
D:/projects/misis2023f-23-check/misis2024s-23-04-popadina-v-a/bin.check/Release/doctest_stacklst_m.exe
D:/projects/misis2023f-23-check/misis2024s-23-04-popadina-v-a/bin.check/Release/doctest_stacklst_m.exe.exe
Release/D:/projects/misis2023f-23-check/misis2024s-23-04-popadina-v-a/bin.check/doctest_stacklst_m.exe
Release/D:/projects/misis2023f-23-check/misis2024s-23-04-popadina-v-a/bin.check/doctest_stacklst_m.exe.exe
 6/20 Test #20: doctest_stacklst_m ...............***Not Run   0.00 sec
 7/20 Test  #4: doctest_complex_io ...............   Passed    0.04 sec
 8/20 Test  #5: doctest_complex_m ................   Passed    0.04 sec
 9/20 Test  #6: doctest_rational .................   Passed    0.04 sec
10/20 Test  #7: doctest_rational_io ..............***Failed    0.03 sec
11/20 Test  #8: doctest_rational_m ...............   Passed    0.03 sec
12/20 Test  #9: doctest_dynarr ...................   Passed    0.03 sec
13/20 Test #10: doctest_dynarr_m .................   Passed    0.03 sec
14/20 Test #12: doctest_queuearr_m ...............   Passed    0.02 sec
15/20 Test #15: doctest_queuelstpr ...............***Failed    0.02 sec
16/20 Test #14: doctest_queuelst_m ...............***Failed    0.02 sec
17/20 Test #16: doctest_queuelstpr_m .............   Passed    0.02 sec
18/20 Test #17: doctest_stackarr .................***Failed    0.01 sec
19/20 Test #18: doctest_stackarr_m ...............   Passed    0.01 sec
20/20 Test #13: doctest_queuelst .................Exit code 0xc0000374
***Exception:   0.05 sec

55% tests passed, 9 tests failed out of 20

Total Test time (real) =   0.09 sec

The following tests FAILED:
	  1 - doctest_bitset (Not Run)
	  7 - doctest_rational_io (Failed)
	 11 - doctest_queuearr (SEGFAULT)
	 13 - doctest_queuelst (Exit code 0xc0000374
)
	 14 - doctest_queuelst_m (Failed)
	 15 - doctest_queuelstpr (Failed)
	 17 - doctest_stackarr (Failed)
	 19 - doctest_stacklst (Not Run)
	 20 - doctest_stacklst_m (Not Run)
